<?xml version="1.0" encoding="UTF-8"?>
<!-- Generated by org.testng.reporters.JUnitReportReporter -->
<testsuite hostname="AhmedDesouky-Lap" failures="0" tests="1" name="RegisterNewAccount" time="46.046" errors="0" timestamp="2022-11-23T01:12:49 EET" skipped="0">
  <testcase classname="RegisterNewAccount" name="userCanLogin" time="46.046"/>
  <system-out/>
</testsuite> <!-- RegisterNewAccount -->
